<?xml version="1.0" encoding="UTF-8"?>
<!-- Generated by org.testng.reporters.JUnitReportReporter -->
<testsuite hostname="DESKTOP-OFACCIB" failures="0" tests="2" name="DataDrivenExmaples1" time="2.007" errors="0" timestamp="2021-06-25T17:34:26 CDT" skipped="0">
  <testcase classname="DataDrivenExmaples1" name="test_post" time="0.035"/>
  <system-out/>
  <testcase classname="DataDrivenExmaples1" name="test_post" time="1.972"/>
  <system-out/>
</testsuite> <!-- DataDrivenExmaples1 -->
