<?xml version="1.0" encoding="UTF-8"?>
<!-- Generated by org.testng.reporters.JUnitReportReporter -->
<testsuite hostname="DESKTOP-OFACCIB" failures="0" tests="1" name="Test_POST" time="1.776" errors="0" timestamp="2021-06-24T23:30:13 CDT" skipped="0">
  <testcase classname="Test_POST" name="test_1_delete" time="1.776"/>
  <system-out/>
</testsuite> <!-- Test_POST -->
