<?xml version="1.0" encoding="UTF-8"?>
<!-- Generated by org.testng.reporters.JUnitReportReporter -->
<testsuite hostname="DESKTOP-OFACCIB" failures="0" tests="1" name="Examples" time="1.223" errors="0" timestamp="2021-06-25T00:15:20 CDT" skipped="0">
  <testcase classname="Examples" name="test_1_delete" time="1.223"/>
  <system-out/>
</testsuite> <!-- Examples -->
