<?xml version="1.0" encoding="UTF-8"?>
<!-- Generated by org.testng.reporters.JUnitReportReporter -->
<testsuite hostname="DESKTOP-OFACCIB" failures="0" tests="1" name="demo.DataDrivenExmaples1" time="2.816" errors="0" timestamp="2021-06-25T17:46:25 CDT" skipped="0">
  <testcase classname="demo.DataDrivenExmaples1" name="test_1_delete2" time="2.816"/>
  <system-out/>
</testsuite> <!-- demo.DataDrivenExmaples1 -->
